<?xml version="1.0" encoding="utf-8" standalone="no"?>
<!--This file represents the results of running a test suite-->
<test-results name="application.exe" total="3" failures="0" not-run="0" date="2014-09-17" time="10:36:35">
  <environment nunit-version="2.4.8.0" clr-version="2.0.50727.1433" os-version="Unix 13.3.0.0" platform="Unix" cwd="/Users/jeremyfox/Csharp/tic-tac-toe.cs" machine-name="the-fox.lan" user="jeremyfox" user-domain="the-fox.lan" />
  <culture-info current-culture="en-GB" current-uiculture="en-GB" />
  <test-suite name="application.exe" success="True" time="0.021" asserts="0">
    <results>
      <test-suite name="TicTacToeComponents" success="True" time="0.019" asserts="0">
        <results>
          <test-suite name="GridTest" success="True" time="0.006" asserts="0">
            <results>
              <test-case name="TicTacToeComponents.GridTest.Spaces" executed="True" success="True" time="0.004" asserts="1" />
            </results>
          </test-suite>
          <test-suite name="SpaceTest" success="True" time="0.002" asserts="0">
            <results>
              <test-case name="TicTacToeComponents.SpaceTest.IsEmpty" executed="True" success="True" time="0.001" asserts="2" />
              <test-case name="TicTacToeComponents.SpaceTest.Mark" executed="True" success="True" time="0.001" asserts="1" />
            </results>
          </test-suite>
        </results>
      </test-suite>
    </results>
  </test-suite>
</test-results>