<?xml version="1.0" encoding="utf-8" standalone="no"?>
<!--This file represents the results of running a test suite-->
<test-results name="application.exe" total="12" failures="1" not-run="0" date="2014-09-17" time="13:41:29">
  <environment nunit-version="2.4.8.0" clr-version="2.0.50727.1433" os-version="Unix 13.3.0.0" platform="Unix" cwd="/Users/jeremyfox/Csharp/tic-tac-toe.cs" machine-name="the-fox.lan" user="jeremyfox" user-domain="the-fox.lan" />
  <culture-info current-culture="en-GB" current-uiculture="en-GB" />
  <test-suite name="application.exe" success="False" time="0.058" asserts="0">
    <results>
      <test-suite name="TicTacToe" success="False" time="0.043" asserts="0">
        <results>
          <test-suite name="GameTest" success="False" time="0.039" asserts="0">
            <results>
              <test-case name="TicTacToe.GameTest.ChangeTurn" executed="True" success="True" time="0.004" asserts="1" />
              <test-case name="TicTacToe.GameTest.CurrentPlayer" executed="True" success="True" time="0.000" asserts="1" />
              <test-case name="TicTacToe.GameTest.GameConclusion" executed="True" success="True" time="0.001" asserts="1" />
              <test-case name="TicTacToe.GameTest.IsWinner" executed="True" success="False" time="0.004" asserts="1">
                <failure>
                  <message><![CDATA[  Expected: <TicTacToeComponents.Player>
  But was:  <TicTacToeComponents.Player>
]]></message>
                  <stack-trace><![CDATA[at TicTacToe.GameTest.IsWinner () [0x00000] in <filename unknown>:0
at (wrapper managed-to-native) System.Reflection.MonoMethod:InternalInvoke (System.Reflection.MonoMethod,object,object[],System.Exception&)
at System.Reflection.MonoMethod.Invoke (System.Object obj, BindingFlags invokeAttr, System.Reflection.Binder binder, System.Object[] parameters, System.Globalization.CultureInfo culture) [0x00054] in /Volumes/build-root-ramdisk/mono-3.8.0/mcs/class/corlib/System.Reflection/MonoMethod.cs:230
]]></stack-trace>
                </failure>
              </test-case>
              <test-case name="TicTacToe.GameTest.Start" executed="True" success="True" time="0.000" asserts="3" />
            </results>
          </test-suite>
        </results>
      </test-suite>
      <test-suite name="TicTacToeComponents" success="True" time="0.007" asserts="0">
        <results>
          <test-suite name="GridTest" success="True" time="0.002" asserts="0">
            <results>
              <test-case name="TicTacToeComponents.GridTest.Display" executed="True" success="True" time="0.000" asserts="1" />
              <test-case name="TicTacToeComponents.GridTest.Spaces" executed="True" success="True" time="0.001" asserts="1" />
            </results>
          </test-suite>
          <test-suite name="PlayerTest" success="True" time="0.002" asserts="0">
            <results>
              <test-case name="TicTacToeComponents.PlayerTest.MarkGrid" executed="True" success="True" time="0.000" asserts="1" />
              <test-case name="TicTacToeComponents.PlayerTest.Name" executed="True" success="True" time="0.000" asserts="1" />
              <test-case name="TicTacToeComponents.PlayerTest.XorO" executed="True" success="True" time="0.000" asserts="1" />
            </results>
          </test-suite>
          <test-suite name="SpaceTest" success="True" time="0.001" asserts="0">
            <results>
              <test-case name="TicTacToeComponents.SpaceTest.IsEmpty" executed="True" success="True" time="0.001" asserts="2" />
              <test-case name="TicTacToeComponents.SpaceTest.Mark" executed="True" success="True" time="0.000" asserts="1" />
            </results>
          </test-suite>
        </results>
      </test-suite>
    </results>
  </test-suite>
</test-results>