<?xml version="1.0" encoding="utf-8" standalone="no"?>
<!--This file represents the results of running a test suite-->
<test-results name="Application/application.exe" total="15" failures="0" not-run="0" date="2014-09-17" time="20:06:21">
  <environment nunit-version="2.4.8.0" clr-version="2.0.50727.1433" os-version="Unix 13.3.0.0" platform="Unix" cwd="/Users/jeremyfox/Csharp/tic-tac-toe.cs" machine-name="the-fox.lan" user="jeremyfox" user-domain="the-fox.lan" />
  <culture-info current-culture="en-GB" current-uiculture="en-GB" />
  <test-suite name="Application/application.exe" success="True" time="0.034" asserts="0">
    <results>
      <test-suite name="TicTacToe" success="True" time="0.021" asserts="0">
        <results>
          <test-suite name="GameTest" success="True" time="0.017" asserts="0">
            <results>
              <test-case name="TicTacToe.GameTest.ChangeTurn" executed="True" success="True" time="0.004" asserts="1" />
              <test-case name="TicTacToe.GameTest.CurrentPlayer" executed="True" success="True" time="0.000" asserts="1" />
              <test-case name="TicTacToe.GameTest.HasWinner" executed="True" success="True" time="0.001" asserts="1" />
              <test-case name="TicTacToe.GameTest.IsDraw" executed="True" success="True" time="0.000" asserts="1" />
              <test-case name="TicTacToe.GameTest.IsUndecided" executed="True" success="True" time="0.000" asserts="1" />
              <test-case name="TicTacToe.GameTest.Moves" executed="True" success="True" time="0.001" asserts="1" />
              <test-case name="TicTacToe.GameTest.Start" executed="True" success="True" time="0.000" asserts="3" />
              <test-case name="TicTacToe.GameTest.Winner" executed="True" success="True" time="0.000" asserts="1" />
            </results>
          </test-suite>
        </results>
      </test-suite>
      <test-suite name="TicTacToeComponents" success="True" time="0.008" asserts="0">
        <results>
          <test-suite name="GridTest" success="True" time="0.002" asserts="0">
            <results>
              <test-case name="TicTacToeComponents.GridTest.Display" executed="True" success="True" time="0.000" asserts="1" />
              <test-case name="TicTacToeComponents.GridTest.Spaces" executed="True" success="True" time="0.001" asserts="1" />
            </results>
          </test-suite>
          <test-suite name="PlayerTest" success="True" time="0.002" asserts="0">
            <results>
              <test-case name="TicTacToeComponents.PlayerTest.MarkGrid" executed="True" success="True" time="0.000" asserts="1" />
              <test-case name="TicTacToeComponents.PlayerTest.Name" executed="True" success="True" time="0.000" asserts="1" />
              <test-case name="TicTacToeComponents.PlayerTest.XorO" executed="True" success="True" time="0.000" asserts="1" />
            </results>
          </test-suite>
          <test-suite name="SpaceTest" success="True" time="0.001" asserts="0">
            <results>
              <test-case name="TicTacToeComponents.SpaceTest.IsEmpty" executed="True" success="True" time="0.000" asserts="2" />
              <test-case name="TicTacToeComponents.SpaceTest.Mark" executed="True" success="True" time="0.000" asserts="1" />
            </results>
          </test-suite>
        </results>
      </test-suite>
    </results>
  </test-suite>
</test-results>